<?xml version="1.0" encoding="UTF-8"?>
<!-- Generated by org.testng.reporters.JUnitReportReporter -->
<testsuite hostname="MUMW7L127" name="com.lrn.pp.testcase.PasswordTC" tests="1" failures="0" timestamp="25 Aug 2016 15:31:50 GMT" time="1.645" errors="0">
  <testcase name="click" time="1.645" classname="com.lrn.pp.testcase.PasswordTC"/>
</testsuite> <!-- com.lrn.pp.testcase.PasswordTC -->
