<?xml version="1.0" encoding="UTF-8"?>
<!-- Generated by org.testng.reporters.JUnitReportReporter -->
<testsuite hostname="WW7L4117" name="com.lrn.html5.templates.Sidebarrtl" tests="2" failures="0" timestamp="19 Jul 2017 02:01:10 GMT" time="7.586" errors="0">
  <testcase name="Bulletin" time="1.673" classname="com.lrn.html5.templates.Sidebarrtl"/>
  <testcase name="NEXT" time="5.913" classname="com.lrn.html5.templates.Sidebarrtl"/>
</testsuite> <!-- com.lrn.html5.templates.Sidebarrtl -->
