<?xml version="1.0" encoding="UTF-8"?>
<!-- Generated by org.testng.reporters.JUnitReportReporter -->
<testsuite hostname="WW7L4117" name="com.lrn.cat.tc.CreateCourseTC" tests="1" failures="0" timestamp="6 Jul 2017 19:51:20 GMT" time="27.983" errors="0">
  <testcase name="CatCreateCourseTC" time="27.983" classname="com.lrn.cat.tc.CreateCourseTC"/>
</testsuite> <!-- com.lrn.cat.tc.CreateCourseTC -->
