<?xml version="1.0" encoding="UTF-8"?>
<!-- Generated by org.testng.reporters.JUnitReportReporter -->
<testsuite hostname="WW7L4117" name="com.lrn.cat.tc.ExportToWordTC" tests="1" failures="0" timestamp="19 Jul 2017 18:34:50 GMT" time="22.822" errors="0">
  <testcase name="CatExportToWord" time="22.822" classname="com.lrn.cat.tc.ExportToWordTC"/>
</testsuite> <!-- com.lrn.cat.tc.ExportToWordTC -->
