<?xml version="1.0" encoding="UTF-8"?>
<!-- Generated by org.testng.reporters.JUnitReportReporter -->
<testsuite hostname="WW7L4117" name="com.lrn.cat.tc.EditCourseTC" tests="1" failures="0" timestamp="26 Apr 2017 22:35:11 GMT" time="261.469" errors="0">
  <testcase name="CATeditTC" time="261.469" classname="com.lrn.cat.tc.EditCourseTC"/>
</testsuite> <!-- com.lrn.cat.tc.EditCourseTC -->
