<?xml version="1.0" encoding="UTF-8"?>
<!-- Generated by org.testng.reporters.JUnitReportReporter -->
<testsuite hostname="WW7L4117" name="com.lrn.cat.tc.SidebarTemplateTC" tests="1" failures="0" timestamp="6 Jul 2017 19:51:21 GMT" time="72.417" errors="0">
  <testcase name="SidebarPageTC" time="72.417" classname="com.lrn.cat.tc.SidebarTemplateTC"/>
</testsuite> <!-- com.lrn.cat.tc.SidebarTemplateTC -->
