<?xml version="1.0" encoding="UTF-8"?>
<!-- Generated by org.testng.reporters.JUnitReportReporter -->
<testsuite hostname="WW7L4117" name="com.lrn.html5.templates.ClickToRevealSelectableImagertl" tests="4" failures="0" timestamp="2 Aug 2017 23:54:25 GMT" time="14.792" errors="0">
  <testcase name="NEXT" time="5.951" classname="com.lrn.html5.templates.ClickToRevealSelectableImagertl"/>
  <testcase name="checkSelectableImage1" time="0.102" classname="com.lrn.html5.templates.ClickToRevealSelectableImagertl"/>
  <testcase name="clickSelectableImages" time="5.969" classname="com.lrn.html5.templates.ClickToRevealSelectableImagertl"/>
  <testcase name="Bulletin" time="2.770" classname="com.lrn.html5.templates.ClickToRevealSelectableImagertl"/>
</testsuite> <!-- com.lrn.html5.templates.ClickToRevealSelectableImagertl -->
