<?xml version="1.0" encoding="UTF-8"?>
<!-- Generated by org.testng.reporters.JUnitReportReporter -->
<testsuite hostname="MUMW7L127" name="com.lrn.pp.tc.nonlrnuser.ForgotPasswordTC" tests="2" failures="0" timestamp="31 Jan 2017 12:41:14 GMT" time="12.553" errors="0">
  <testcase name="verifyNonLRNForgotPwdLink" time="6.965" classname="com.lrn.pp.tc.nonlrnuser.ForgotPasswordTC"/>
  <testcase name="VerifyNonLRNForgotPwdFunctionality" time="5.588" classname="com.lrn.pp.tc.nonlrnuser.ForgotPasswordTC"/>
</testsuite> <!-- com.lrn.pp.tc.nonlrnuser.ForgotPasswordTC -->
