<?xml version="1.0" encoding="UTF-8"?>
<!-- Generated by org.testng.reporters.JUnitReportReporter -->
<testsuite hostname="MUMW7L127" name="com.lrn.pp.tc.nonlrnuser.NonLRNDashBoardTC" tests="2" failures="0" timestamp="31 Jan 2017 12:41:14 GMT" time="14.779" errors="0">
  <testcase name="verifyExploreOurLibrary" time="9.923" classname="com.lrn.pp.tc.nonlrnuser.NonLRNDashBoardTC"/>
  <testcase name="verifyHeadermessage" time="4.856" classname="com.lrn.pp.tc.nonlrnuser.NonLRNDashBoardTC"/>
</testsuite> <!-- com.lrn.pp.tc.nonlrnuser.NonLRNDashBoardTC -->
