<?xml version="1.0" encoding="UTF-8"?>
<!-- Generated by org.testng.reporters.JUnitReportReporter -->
<testsuite hostname="WW7L4117" name="com.lrn.cat.tc.DeleteCourseTC" tests="1" failures="0" timestamp="21 Aug 2017 23:51:20 GMT" time="14.042" errors="0">
  <testcase name="CatDeleteCourse" time="14.042" classname="com.lrn.cat.tc.DeleteCourseTC"/>
</testsuite> <!-- com.lrn.cat.tc.DeleteCourseTC -->
