<?xml version="1.0" encoding="UTF-8"?>
<!-- Generated by org.testng.reporters.JUnitReportReporter -->
<testsuite hostname="WW7L4117" name="com.lrn.cat.tc.SidebarTemplateTC" tests="1" failures="0" timestamp="19 Jul 2017 18:34:50 GMT" time="72.278" errors="0">
  <testcase name="SidebarPageTC" time="72.278" classname="com.lrn.cat.tc.SidebarTemplateTC"/>
</testsuite> <!-- com.lrn.cat.tc.SidebarTemplateTC -->
