<?xml version="1.0" encoding="UTF-8"?>
<!-- Generated by org.testng.reporters.JUnitReportReporter -->
<testsuite hostname="WW7L4117" name="com.lrn.cat.tc.ReorderNodesTC" tests="1" failures="0" timestamp="19 Jul 2017 04:35:42 GMT" time="71.549" errors="0">
  <testcase name="CatReorderNodes" time="71.549" classname="com.lrn.cat.tc.ReorderNodesTC"/>
</testsuite> <!-- com.lrn.cat.tc.ReorderNodesTC -->
