<?xml version="1.0" encoding="UTF-8"?>
<!-- Generated by org.testng.reporters.JUnitReportReporter -->
<testsuite hostname="WW7L4117" name="com.lrn.html5.templates.Videoltr" tests="3" failures="0" timestamp="10 Jul 2017 22:23:15 GMT" time="12.613" errors="0">
  <testcase name="NEXT" time="6.074" classname="com.lrn.html5.templates.Videoltr"/>
  <testcase name="videoPage" time="4.147" classname="com.lrn.html5.templates.Videoltr"/>
  <testcase name="Bulletin" time="2.392" classname="com.lrn.html5.templates.Videoltr"/>
</testsuite> <!-- com.lrn.html5.templates.Videoltr -->
