<?xml version="1.0" encoding="UTF-8"?>
<!-- Generated by org.testng.reporters.JUnitReportReporter -->
<testsuite hostname="WW7L4117" name="com.lrn.cat.tc.EditVideoTemplateTC" tests="1" failures="0" timestamp="21 Aug 2017 23:51:21 GMT" time="286.891" errors="0">
  <testcase name="CatEditVideoTemplate" time="286.891" classname="com.lrn.cat.tc.EditVideoTemplateTC"/>
</testsuite> <!-- com.lrn.cat.tc.EditVideoTemplateTC -->
