<?xml version="1.0" encoding="UTF-8"?>
<!-- Generated by org.testng.reporters.JUnitReportReporter -->
<testsuite hostname="WW7L4117" name="com.lrn.html5.templates.ClickToRevealSelectableImagertl" tests="4" failures="0" timestamp="21 Aug 2017 23:43:15 GMT" time="14.407" errors="0">
  <testcase name="NEXT" time="5.940" classname="com.lrn.html5.templates.ClickToRevealSelectableImagertl"/>
  <testcase name="checkSelectableImage1" time="0.108" classname="com.lrn.html5.templates.ClickToRevealSelectableImagertl"/>
  <testcase name="Bulletin" time="2.274" classname="com.lrn.html5.templates.ClickToRevealSelectableImagertl"/>
  <testcase name="clickSelectableImages" time="6.085" classname="com.lrn.html5.templates.ClickToRevealSelectableImagertl"/>
</testsuite> <!-- com.lrn.html5.templates.ClickToRevealSelectableImagertl -->
