<?xml version="1.0" encoding="UTF-8"?>
<!-- Generated by org.testng.reporters.JUnitReportReporter -->
<testsuite hostname="WW7L4117" name="com.lrn.html5.templates.LandingPageltr" tests="1" failures="0" timestamp="6 Jul 2017 17:11:31 GMT" time="2.977" errors="0">
  <testcase name="NextButton" time="2.977" classname="com.lrn.html5.templates.LandingPageltr"/>
</testsuite> <!-- com.lrn.html5.templates.LandingPageltr -->
