<?xml version="1.0" encoding="UTF-8"?>
<!-- Generated by org.testng.reporters.JUnitReportReporter -->
<testsuite hostname="WW7L4117" name="com.lrn.cat.tc.DeleteCourseTC" tests="1" failures="0" timestamp="20 Jul 2017 21:50:33 GMT" time="13.898" errors="0">
  <testcase name="CatDeleteCourse" time="13.898" classname="com.lrn.cat.tc.DeleteCourseTC"/>
</testsuite> <!-- com.lrn.cat.tc.DeleteCourseTC -->
