<?xml version="1.0" encoding="UTF-8"?>
<!-- Generated by org.testng.reporters.JUnitReportReporter -->
<testsuite hostname="MUMW7QAVM02" name="com.lrn.html5.templates.Sidebarrtl" tests="2" failures="0" timestamp="16 Aug 2017 02:41:37 GMT" time="7.734" errors="0">
  <testcase name="NEXT" time="5.935" classname="com.lrn.html5.templates.Sidebarrtl"/>
  <testcase name="Bulletin" time="1.799" classname="com.lrn.html5.templates.Sidebarrtl"/>
</testsuite> <!-- com.lrn.html5.templates.Sidebarrtl -->
