<?xml version="1.0" encoding="UTF-8"?>
<!-- Generated by org.testng.reporters.JUnitReportReporter -->
<testsuite hostname="MUMW7QAVM02" name="com.lrn.html5.templates.ClickToRevealSelectableImagertl" tests="4" failures="0" timestamp="16 Aug 2017 02:39:03 GMT" time="14.564" errors="0">
  <testcase name="checkSelectableImage1" time="0.111" classname="com.lrn.html5.templates.ClickToRevealSelectableImagertl"/>
  <testcase name="clickSelectableImages" time="6.055" classname="com.lrn.html5.templates.ClickToRevealSelectableImagertl"/>
  <testcase name="NEXT" time="5.998" classname="com.lrn.html5.templates.ClickToRevealSelectableImagertl"/>
  <testcase name="Bulletin" time="2.400" classname="com.lrn.html5.templates.ClickToRevealSelectableImagertl"/>
</testsuite> <!-- com.lrn.html5.templates.ClickToRevealSelectableImagertl -->
