<?xml version="1.0" encoding="UTF-8"?>
<!-- Generated by org.testng.reporters.JUnitReportReporter -->
<testsuite hostname="WW7L4117" name="com.lrn.cat.tc.CreateTestOutLessonTC" tests="1" failures="0" timestamp="21 Aug 2017 23:51:20 GMT" time="556.611" errors="0">
  <testcase name="CatCreateTestOutLesson" time="556.611" classname="com.lrn.cat.tc.CreateTestOutLessonTC"/>
</testsuite> <!-- com.lrn.cat.tc.CreateTestOutLessonTC -->
