<?xml version="1.0" encoding="UTF-8"?>
<!-- Generated by org.testng.reporters.JUnitReportReporter -->
<testsuite hostname="WW7L4117" name="com.lrn.html5.templates.ClickToRevealSelectableImagertl" tests="4" failures="0" timestamp="20 Jul 2017 23:27:29 GMT" time="14.154" errors="0">
  <testcase name="clickSelectableImages" time="5.911" classname="com.lrn.html5.templates.ClickToRevealSelectableImagertl"/>
  <testcase name="NEXT" time="5.910" classname="com.lrn.html5.templates.ClickToRevealSelectableImagertl"/>
  <testcase name="Bulletin" time="2.242" classname="com.lrn.html5.templates.ClickToRevealSelectableImagertl"/>
  <testcase name="checkSelectableImage1" time="0.091" classname="com.lrn.html5.templates.ClickToRevealSelectableImagertl"/>
</testsuite> <!-- com.lrn.html5.templates.ClickToRevealSelectableImagertl -->
