<?xml version="1.0" encoding="UTF-8"?>
<!-- Generated by org.testng.reporters.JUnitReportReporter -->
<testsuite hostname="WW7L4117" name="com.lrn.cat.tc.LoginTC" tests="1" failures="0" timestamp="31 Jul 2017 17:21:43 GMT" time="14.070" errors="0">
  <testcase name="CatLogicTC" time="14.070" classname="com.lrn.cat.tc.LoginTC"/>
</testsuite> <!-- com.lrn.cat.tc.LoginTC -->
