<?xml version="1.0" encoding="UTF-8"?>
<!-- Generated by org.testng.reporters.JUnitReportReporter -->
<testsuite hostname="WW7L4117" name="com.lrn.cat.tc.LCECLogoutTC" tests="1" failures="0" timestamp="19 Jul 2017 17:09:09 GMT" time="4.420" errors="0">
  <testcase name="CatLCECLogout" time="4.420" classname="com.lrn.cat.tc.LCECLogoutTC"/>
</testsuite> <!-- com.lrn.cat.tc.LCECLogoutTC -->
