<?xml version="1.0" encoding="UTF-8"?>
<!-- Generated by org.testng.reporters.JUnitReportReporter -->
<testsuite hostname="WW7L4117" name="com.lrn.cat.tc.UnlockPageTC" tests="1" failures="0" timestamp="19 Jul 2017 04:35:42 GMT" time="1.408" errors="0">
  <testcase name="CatLockPage" time="1.408" classname="com.lrn.cat.tc.UnlockPageTC"/>
</testsuite> <!-- com.lrn.cat.tc.UnlockPageTC -->
