<?xml version="1.0" encoding="UTF-8"?>
<!-- Generated by org.testng.reporters.JUnitReportReporter -->
<testsuite hostname="WW7L4117" name="com.lrn.cat.tc.PasteNodeTC" tests="1" failures="0" timestamp="6 Jul 2017 17:19:31 GMT" time="12.385" errors="0">
  <testcase name="CatPasteNode" time="12.385" classname="com.lrn.cat.tc.PasteNodeTC"/>
</testsuite> <!-- com.lrn.cat.tc.PasteNodeTC -->
