<?xml version="1.0" encoding="UTF-8"?>
<!-- Generated by org.testng.reporters.JUnitReportReporter -->
<testsuite hostname="WW7L4117" name="com.lrn.cat.tc.EditConsultTemplateTC" tests="1" failures="0" timestamp="21 Aug 2017 23:51:21 GMT" time="333.067" errors="0">
  <testcase name="CatEditConsult" time="333.067" classname="com.lrn.cat.tc.EditConsultTemplateTC"/>
</testsuite> <!-- com.lrn.cat.tc.EditConsultTemplateTC -->
