<?xml version="1.0" encoding="UTF-8"?>
<!-- Generated by org.testng.reporters.JUnitReportReporter -->
<testsuite hostname="WW7L4117" name="com.lrn.cat.tc.KCConfigTC" tests="1" failures="0" timestamp="19 Jul 2017 04:35:42 GMT" time="64.917" errors="0">
  <testcase name="CATKCConifgTC" time="64.917" classname="com.lrn.cat.tc.KCConfigTC"/>
</testsuite> <!-- com.lrn.cat.tc.KCConfigTC -->
