<?xml version="1.0" encoding="UTF-8"?>
<!-- Generated by org.testng.reporters.JUnitReportReporter -->
<testsuite hostname="WW7L4117" name="com.lrn.cat.tc.LCECLogoutTC" tests="1" failures="0" timestamp="20 Jul 2017 16:01:58 GMT" time="5.379" errors="0">
  <testcase name="CatLCECLogout" time="5.379" classname="com.lrn.cat.tc.LCECLogoutTC"/>
</testsuite> <!-- com.lrn.cat.tc.LCECLogoutTC -->
