<?xml version="1.0" encoding="UTF-8"?>
<!-- Generated by org.testng.reporters.JUnitReportReporter -->
<testsuite hostname="WW7L4117" name="com.lrn.html5.templates.ClickToRevealSelectableImagertl" tests="4" failures="0" timestamp="6 Jul 2017 17:14:47 GMT" time="13.789" errors="0">
  <testcase name="Bulletin" time="1.798" classname="com.lrn.html5.templates.ClickToRevealSelectableImagertl"/>
  <testcase name="checkSelectableImage1" time="0.101" classname="com.lrn.html5.templates.ClickToRevealSelectableImagertl"/>
  <testcase name="NEXT" time="5.979" classname="com.lrn.html5.templates.ClickToRevealSelectableImagertl"/>
  <testcase name="clickSelectableImages" time="5.911" classname="com.lrn.html5.templates.ClickToRevealSelectableImagertl"/>
</testsuite> <!-- com.lrn.html5.templates.ClickToRevealSelectableImagertl -->
