<?xml version="1.0" encoding="UTF-8"?>
<!-- Generated by org.testng.reporters.JUnitReportReporter -->
<testsuite hostname="WW7L4117" name="com.lrn.cat.tc.AddLessonTC1" tests="1" failures="0" timestamp="27 Jul 2017 00:49:52 GMT" time="13.032" errors="0">
  <testcase name="CatAddLesson" time="13.032" classname="com.lrn.cat.tc.AddLessonTC1"/>
</testsuite> <!-- com.lrn.cat.tc.AddLessonTC1 -->
