<?xml version="1.0" encoding="UTF-8"?>
<!-- Generated by org.testng.reporters.JUnitReportReporter -->
<testsuite hostname="WW7L4117" name="com.lrn.cat.tc.PasteNodeTC" tests="1" failures="0" timestamp="20 Jul 2017 18:54:39 GMT" time="13.131" errors="0">
  <testcase name="CatPasteNode" time="13.131" classname="com.lrn.cat.tc.PasteNodeTC"/>
</testsuite> <!-- com.lrn.cat.tc.PasteNodeTC -->
