<?xml version="1.0" encoding="UTF-8"?>
<!-- Generated by org.testng.reporters.JUnitReportReporter -->
<testsuite hostname="WW7L4117" name="com.lrn.cat.tc.EditConsultTemplateTC" tests="1" failures="0" timestamp="10 Jul 2017 22:28:21 GMT" time="314.645" errors="0">
  <testcase name="CatEditConsult" time="314.645" classname="com.lrn.cat.tc.EditConsultTemplateTC"/>
</testsuite> <!-- com.lrn.cat.tc.EditConsultTemplateTC -->
