<?xml version="1.0" encoding="UTF-8"?>
<!-- Generated by org.testng.reporters.JUnitReportReporter -->
<testsuite hostname="WW7L4117" name="com.lrn.cat.tc.EditCertificationTC" tests="1" failures="0" timestamp="17 Jul 2017 17:24:20 GMT" time="155.731" errors="0">
  <testcase name="CatEditCertificationTC" time="155.731" classname="com.lrn.cat.tc.EditCertificationTC"/>
</testsuite> <!-- com.lrn.cat.tc.EditCertificationTC -->
