<?xml version="1.0" encoding="UTF-8"?>
<!-- Generated by org.testng.reporters.JUnitReportReporter -->
<testsuite hostname="WW7L4117" name="com.lrn.cat.tc.AddPageTC11" tests="1" failures="0" timestamp="3 Aug 2017 00:08:39 GMT" time="14.933" errors="0">
  <testcase name="CatAddPage" time="14.933" classname="com.lrn.cat.tc.AddPageTC11"/>
</testsuite> <!-- com.lrn.cat.tc.AddPageTC11 -->
