<?xml version="1.0" encoding="UTF-8"?>
<!-- Generated by org.testng.reporters.JUnitReportReporter -->
<testsuite hostname="MUMW7L127" name="com.lrn.pp.tc.nonlrnuser.NonLRNCourseDetailPage" tests="7" failures="0" timestamp="31 Jan 2017 12:41:14 GMT" time="33.175" errors="0">
  <testcase name="verifyLandOnCourseDetailPage" time="7.080" classname="com.lrn.pp.tc.nonlrnuser.NonLRNCourseDetailPage"/>
  <testcase name="verifyLearningObjectivesOnCourseDetailPage" time="4.227" classname="com.lrn.pp.tc.nonlrnuser.NonLRNCourseDetailPage"/>
  <testcase name="verifyTableOfContentOnCourseDetailPage" time="4.333" classname="com.lrn.pp.tc.nonlrnuser.NonLRNCourseDetailPage"/>
  <testcase name="verifyAboutTheCourseOnCourseDetailPage" time="4.329" classname="com.lrn.pp.tc.nonlrnuser.NonLRNCourseDetailPage"/>
  <testcase name="verifyLastUpdatedDateOnCourseDetailPage" time="4.048" classname="com.lrn.pp.tc.nonlrnuser.NonLRNCourseDetailPage"/>
  <testcase name="verifyWhatsNewOnCourseDetailPage" time="5.072" classname="com.lrn.pp.tc.nonlrnuser.NonLRNCourseDetailPage"/>
  <testcase name="verifyReleaseDateOnCourseDetailPage" time="4.086" classname="com.lrn.pp.tc.nonlrnuser.NonLRNCourseDetailPage"/>
</testsuite> <!-- com.lrn.pp.tc.nonlrnuser.NonLRNCourseDetailPage -->
