<?xml version="1.0" encoding="UTF-8"?>
<!-- Generated by org.testng.reporters.JUnitReportReporter -->
<testsuite hostname="WW7L4117" name="com.lrn.cat.tc.LogoutTC" tests="1" failures="0" timestamp="28 Jul 2017 18:14:55 GMT" time="3.071" errors="0">
  <testcase name="CatLogicTC" time="3.071" classname="com.lrn.cat.tc.LogoutTC"/>
</testsuite> <!-- com.lrn.cat.tc.LogoutTC -->
