<?xml version="1.0" encoding="UTF-8"?>
<!-- Generated by org.testng.reporters.JUnitReportReporter -->
<testsuite hostname="MUMW7L127" name="com.lrn.pp.tc.nonlrnuser.NonLRNLibraryTC" tests="11" failures="0" timestamp="31 Jan 2017 12:41:14 GMT" time="92.325" errors="0">
  <testcase name="verifyClickonextendbutton" time="3.973" classname="com.lrn.pp.tc.nonlrnuser.NonLRNLibraryTC"/>
  <testcase name="verifyActiveFilters" time="0.111" classname="com.lrn.pp.tc.nonlrnuser.NonLRNLibraryTC"/>
  <testcase name="VerifyfilterByIndustry" time="17.282" classname="com.lrn.pp.tc.nonlrnuser.NonLRNLibraryTC"/>
  <testcase name="verifySortbyMostRecentlyUpdated" time="13.341" classname="com.lrn.pp.tc.nonlrnuser.NonLRNLibraryTC"/>
  <testcase name="verifySortbyMostRecentlyUpdatedByTopic" time="13.322" classname="com.lrn.pp.tc.nonlrnuser.NonLRNLibraryTC"/>
  <testcase name="verifyCourseLaunch" time="11.020" classname="com.lrn.pp.tc.nonlrnuser.NonLRNLibraryTC"/>
  <testcase name="verifyBreadCrumbNavigation" time="5.303" classname="com.lrn.pp.tc.nonlrnuser.NonLRNLibraryTC"/>
  <testcase name="verifyListView" time="5.710" classname="com.lrn.pp.tc.nonlrnuser.NonLRNLibraryTC"/>
  <testcase name="verifyGridView" time="6.045" classname="com.lrn.pp.tc.nonlrnuser.NonLRNLibraryTC"/>
  <testcase name="verifyNavigateToKnowledgeBank" time="2.159" classname="com.lrn.pp.tc.nonlrnuser.NonLRNLibraryTC"/>
  <testcase name="verifyfilterByCourseType" time="14.059" classname="com.lrn.pp.tc.nonlrnuser.NonLRNLibraryTC"/>
</testsuite> <!-- com.lrn.pp.tc.nonlrnuser.NonLRNLibraryTC -->
