<?xml version="1.0" encoding="UTF-8"?>
<!-- Generated by org.testng.reporters.JUnitReportReporter -->
<testsuite hostname="MUMW7L127" name="com.lrn.pp.tc.lrnuser.LRNLogin" tests="1" failures="0" timestamp="31 Jan 2017 12:41:14 GMT" time="48.550" errors="0">
  <testcase name="loginAsLRN" time="48.550" classname="com.lrn.pp.tc.lrnuser.LRNLogin"/>
</testsuite> <!-- com.lrn.pp.tc.lrnuser.LRNLogin -->
