<?xml version="1.0" encoding="UTF-8"?>
<!-- Generated by org.testng.reporters.JUnitReportReporter -->
<testsuite hostname="WW7L4117" name="com.lrn.cat.tc.EditConcernTemplateTC" tests="1" failures="0" timestamp="3 Aug 2017 00:08:39 GMT" time="152.374" errors="0">
  <testcase name="CatEditConcerntTemplateTC" time="152.374" classname="com.lrn.cat.tc.EditConcernTemplateTC"/>
</testsuite> <!-- com.lrn.cat.tc.EditConcernTemplateTC -->
