<?xml version="1.0" encoding="UTF-8"?>
<!-- Generated by org.testng.reporters.JUnitReportReporter -->
<testsuite hostname="WW7L4117" name="com.lrn.cat.tc.EditSelectAndRevealTemplateTC" tests="1" failures="0" timestamp="6 Jul 2017 17:19:31 GMT" time="261.220" errors="0">
  <testcase name="CatEditSelectAndRevealTemplate" time="261.220" classname="com.lrn.cat.tc.EditSelectAndRevealTemplateTC"/>
</testsuite> <!-- com.lrn.cat.tc.EditSelectAndRevealTemplateTC -->
