<?xml version="1.0" encoding="UTF-8"?>
<!-- Generated by org.testng.reporters.JUnitReportReporter -->
<testsuite hostname="WW7L4117" name="com.lrn.cat.tc.CreateTestOutLessonTC" tests="1" failures="0" timestamp="6 Jul 2017 19:51:21 GMT" time="300.398" errors="0">
  <testcase name="CatCreateTestOutLesson" time="300.398" classname="com.lrn.cat.tc.CreateTestOutLessonTC"/>
</testsuite> <!-- com.lrn.cat.tc.CreateTestOutLessonTC -->
