<?xml version="1.0" encoding="UTF-8"?>
<!-- Generated by org.testng.reporters.JUnitReportReporter -->
<testsuite hostname="WW7L4117" name="com.lrn.cat.tc.AddPageTC12" tests="1" failures="0" timestamp="20 Jul 2017 21:50:33 GMT" time="14.953" errors="0">
  <testcase name="CatAddPage" time="14.953" classname="com.lrn.cat.tc.AddPageTC12"/>
</testsuite> <!-- com.lrn.cat.tc.AddPageTC12 -->
