<?xml version="1.0" encoding="UTF-8"?>
<!-- Generated by org.testng.reporters.JUnitReportReporter -->
<testsuite hostname="MUMW7L127" name="com.lrn.pp.pages.LRNLoginPage" tests="1" failures="0" timestamp="5 Jan 2017 14:20:59 GMT" time="5.046" errors="0">
  <testcase name="LRNLogin" time="5.046" classname="com.lrn.pp.pages.LRNLoginPage"/>
</testsuite> <!-- com.lrn.pp.pages.LRNLoginPage -->
