<?xml version="1.0" encoding="UTF-8"?>
<!-- Generated by org.testng.reporters.JUnitReportReporter -->
<testsuite hostname="MUMW7L127" name="com.lrn.pp.testcase.DBConnection" tests="1" failures="0" timestamp="28 Sep 2016 17:32:27 GMT" time="3.674" errors="0">
  <testcase name="testDBConnection" time="3.674" classname="com.lrn.pp.testcase.DBConnection"/>
</testsuite> <!-- com.lrn.pp.testcase.DBConnection -->
