<?xml version="1.0" encoding="UTF-8"?>
<!-- Generated by org.testng.reporters.JUnitReportReporter -->
<testsuite hostname="WW7L4117" name="com.lrn.cat.tc.LoginTC" tests="1" failures="0" timestamp="17 Jul 2017 17:24:21 GMT" time="11.120" errors="0">
  <testcase name="CatLogicTC" time="11.120" classname="com.lrn.cat.tc.LoginTC"/>
</testsuite> <!-- com.lrn.cat.tc.LoginTC -->
