<?xml version="1.0" encoding="UTF-8"?>
<!-- Generated by org.testng.reporters.JUnitReportReporter -->
<testsuite hostname="WW7L4117" name="com.lrn.cat.tc.EditConsultTemplateTC" tests="1" failures="0" timestamp="3 Aug 2017 00:08:39 GMT" time="180.952" errors="0">
  <testcase name="CatEditConsult" time="180.952" classname="com.lrn.cat.tc.EditConsultTemplateTC"/>
</testsuite> <!-- com.lrn.cat.tc.EditConsultTemplateTC -->
