<?xml version="1.0" encoding="UTF-8"?>
<!-- Generated by org.testng.reporters.JUnitReportReporter -->
<testsuite hostname="WW7L4117" name="com.lrn.cat.tc.EditCarouselTemplateTC" tests="1" failures="0" timestamp="19 Jul 2017 18:34:50 GMT" time="135.672" errors="0">
  <testcase name="CatEditCarouselTemplate" time="135.672" classname="com.lrn.cat.tc.EditCarouselTemplateTC"/>
</testsuite> <!-- com.lrn.cat.tc.EditCarouselTemplateTC -->
