<?xml version="1.0" encoding="UTF-8"?>
<!-- Generated by org.testng.reporters.JUnitReportReporter -->
<testsuite hostname="WW7L4117" name="com.lrn.cat.tc.CheckInCourseTC" tests="1" failures="0" timestamp="12 Jul 2017 19:38:23 GMT" time="6.717" errors="0">
  <testcase name="CatCheckInCourse" time="6.717" classname="com.lrn.cat.tc.CheckInCourseTC"/>
</testsuite> <!-- com.lrn.cat.tc.CheckInCourseTC -->
