<?xml version="1.0" encoding="UTF-8"?>
<!-- Generated by org.testng.reporters.JUnitReportReporter -->
<testsuite hostname="WW7L4117" name="com.lrn.cat.tc.EditVideoTemplateTC" tests="1" failures="0" timestamp="6 Jul 2017 17:19:31 GMT" time="233.626" errors="0">
  <testcase name="CatEditVideoTemplate" time="233.626" classname="com.lrn.cat.tc.EditVideoTemplateTC"/>
</testsuite> <!-- com.lrn.cat.tc.EditVideoTemplateTC -->
