<?xml version="1.0" encoding="UTF-8"?>
<!-- Generated by org.testng.reporters.JUnitReportReporter -->
<testsuite hostname="WW7L4117" name="com.lrn.cat.tc.CopyNodeTC" tests="1" failures="0" timestamp="3 Aug 2017 00:08:40 GMT" time="31.775" errors="0">
  <testcase name="CatCopyNode" time="31.775" classname="com.lrn.cat.tc.CopyNodeTC"/>
</testsuite> <!-- com.lrn.cat.tc.CopyNodeTC -->
