<?xml version="1.0" encoding="UTF-8"?>
<!-- Generated by org.testng.reporters.JUnitReportReporter -->
<testsuite hostname="WW7L4117" name="com.lrn.cat.tc.DeletePageTC" tests="1" failures="0" timestamp="10 Jul 2017 22:28:21 GMT" time="37.952" errors="0">
  <testcase name="CatDeletePage" time="37.952" classname="com.lrn.cat.tc.DeletePageTC"/>
</testsuite> <!-- com.lrn.cat.tc.DeletePageTC -->
