<?xml version="1.0" encoding="UTF-8"?>
<!-- Generated by org.testng.reporters.JUnitReportReporter -->
<testsuite hostname="WW7L4117" name="com.lrn.cat.tc.EditConsentTemplateTC" tests="1" failures="0" timestamp="19 Jul 2017 18:34:50 GMT" time="87.547" errors="0">
  <testcase name="CatEditConsentTemplate" time="87.547" classname="com.lrn.cat.tc.EditConsentTemplateTC"/>
</testsuite> <!-- com.lrn.cat.tc.EditConsentTemplateTC -->
