<?xml version="1.0" encoding="UTF-8"?>
<!-- Generated by org.testng.reporters.JUnitReportReporter -->
<testsuite hostname="WW7L4117" name="com.lrn.cat.tc.AddPageTC6" tests="1" failures="0" timestamp="24 Jul 2017 18:18:46 GMT" time="14.879" errors="0">
  <testcase name="CatAddPage" time="14.879" classname="com.lrn.cat.tc.AddPageTC6"/>
</testsuite> <!-- com.lrn.cat.tc.AddPageTC6 -->
