<?xml version="1.0" encoding="UTF-8"?>
<!-- Generated by org.testng.reporters.JUnitReportReporter -->
<testsuite hostname="WW7L4117" name="com.lrn.html5.templates.Videoltr" tests="3" failures="0" timestamp="6 Jul 2017 17:13:41 GMT" time="12.483" errors="0">
  <testcase name="videoPage" time="4.171" classname="com.lrn.html5.templates.Videoltr"/>
  <testcase name="NEXT" time="6.027" classname="com.lrn.html5.templates.Videoltr"/>
  <testcase name="Bulletin" time="2.285" classname="com.lrn.html5.templates.Videoltr"/>
</testsuite> <!-- com.lrn.html5.templates.Videoltr -->
