<?xml version="1.0" encoding="UTF-8"?>
<!-- Generated by org.testng.reporters.JUnitReportReporter -->
<testsuite hostname="WW7L4117" name="com.lrn.cat.tc.HidePageTC" tests="1" failures="0" timestamp="17 Jul 2017 17:24:20 GMT" time="34.205" errors="0">
  <testcase name="CatHidePage" time="34.205" classname="com.lrn.cat.tc.HidePageTC"/>
</testsuite> <!-- com.lrn.cat.tc.HidePageTC -->
