<?xml version="1.0" encoding="UTF-8"?>
<!-- Generated by org.testng.reporters.JUnitReportReporter -->
<testsuite hostname="WW7L4117" name="com.lrn.cat.tc.LCECLoginTC" tests="1" failures="0" timestamp="20 Jul 2017 16:01:58 GMT" time="4.629" errors="0">
  <testcase name="login" time="4.629" classname="com.lrn.cat.tc.LCECLoginTC"/>
</testsuite> <!-- com.lrn.cat.tc.LCECLoginTC -->
