<?xml version="1.0" encoding="UTF-8"?>
<!-- Generated by org.testng.reporters.JUnitReportReporter -->
<testsuite hostname="WW7L4117" name="com.lrn.cat.tc.AfterSaveAndExitTC" tests="1" failures="0" timestamp="31 Jul 2017 17:21:42 GMT" time="29.748" errors="0">
  <testcase name="aferSaveAndExit" time="29.748" classname="com.lrn.cat.tc.AfterSaveAndExitTC"/>
</testsuite> <!-- com.lrn.cat.tc.AfterSaveAndExitTC -->
