<?xml version="1.0" encoding="UTF-8"?>
<!-- Generated by org.testng.reporters.JUnitReportReporter -->
<testsuite hostname="WW7L4117" name="com.lrn.cat.tc.ModuleManagerTC" tests="1" failures="0" timestamp="17 Jul 2017 17:24:21 GMT" time="119.987" errors="0">
  <testcase name="searchModule" time="119.987" classname="com.lrn.cat.tc.ModuleManagerTC"/>
</testsuite> <!-- com.lrn.cat.tc.ModuleManagerTC -->
