<?xml version="1.0" encoding="UTF-8"?>
<!-- Generated by org.testng.reporters.JUnitReportReporter -->
<testsuite hostname="WW7L4117" name="com.lrn.cat.tc.AddLessonTC2" tests="1" failures="0" timestamp="21 Aug 2017 23:51:21 GMT" time="13.784" errors="0">
  <testcase name="CatAddLesson" time="13.784" classname="com.lrn.cat.tc.AddLessonTC2"/>
</testsuite> <!-- com.lrn.cat.tc.AddLessonTC2 -->
