<?xml version="1.0" encoding="UTF-8"?>
<!-- Generated by org.testng.reporters.JUnitReportReporter -->
<testsuite hostname="MUMW7L127" name="com.lrn.pp.tc.lrnuser.LRNUserCourseDetailPage" tests="7" failures="0" timestamp="31 Jan 2017 12:41:14 GMT" time="33.407" errors="0">
  <testcase name="verifyAboutTheCourseOnCourseDetailPage" time="4.329" classname="com.lrn.pp.tc.lrnuser.LRNUserCourseDetailPage"/>
  <testcase name="verifyLandOnCourseDetailPage" time="7.331" classname="com.lrn.pp.tc.lrnuser.LRNUserCourseDetailPage"/>
  <testcase name="verifyWhatsNewOnCourseDetailPage" time="5.055" classname="com.lrn.pp.tc.lrnuser.LRNUserCourseDetailPage"/>
  <testcase name="verifyLastUpdatedDateOnCourseDetailPage" time="4.046" classname="com.lrn.pp.tc.lrnuser.LRNUserCourseDetailPage"/>
  <testcase name="verifyTableOfContentOnCourseDetailPage" time="4.313" classname="com.lrn.pp.tc.lrnuser.LRNUserCourseDetailPage"/>
  <testcase name="verifyLearningObjectivesOnCourseDetailPage" time="4.219" classname="com.lrn.pp.tc.lrnuser.LRNUserCourseDetailPage"/>
  <testcase name="verifyReleaseDateOnCourseDetailPage" time="4.114" classname="com.lrn.pp.tc.lrnuser.LRNUserCourseDetailPage"/>
</testsuite> <!-- com.lrn.pp.tc.lrnuser.LRNUserCourseDetailPage -->
