<?xml version="1.0" encoding="UTF-8"?>
<!-- Generated by org.testng.reporters.JUnitReportReporter -->
<testsuite hostname="WW7L4117" name="com.lrn.cat.tc.AddTopicTC2" tests="1" failures="0" timestamp="3 Aug 2017 00:08:39 GMT" time="8.044" errors="0">
  <testcase name="CatAddTopic" time="8.044" classname="com.lrn.cat.tc.AddTopicTC2"/>
</testsuite> <!-- com.lrn.cat.tc.AddTopicTC2 -->
