<?xml version="1.0" encoding="UTF-8"?>
<!-- Generated by org.testng.reporters.JUnitReportReporter -->
<testsuite hostname="WW7L4117" name="com.lrn.cat.tc.SearchCourseTC" tests="1" failures="0" timestamp="19 Jul 2017 18:34:50 GMT" time="4.819" errors="0">
  <testcase name="CatLogicTC" time="4.819" classname="com.lrn.cat.tc.SearchCourseTC"/>
</testsuite> <!-- com.lrn.cat.tc.SearchCourseTC -->
