<?xml version="1.0" encoding="UTF-8"?>
<!-- Generated by org.testng.reporters.JUnitReportReporter -->
<testsuite hostname="WW7L4117" name="com.lrn.cat.tc.EditCertificationTC" tests="1" failures="0" timestamp="27 Jul 2017 00:49:52 GMT" time="152.613" errors="0">
  <testcase name="CatEditCertificationTC" time="152.613" classname="com.lrn.cat.tc.EditCertificationTC"/>
</testsuite> <!-- com.lrn.cat.tc.EditCertificationTC -->
