<?xml version="1.0" encoding="UTF-8"?>
<!-- Generated by org.testng.reporters.JUnitReportReporter -->
<testsuite hostname="WW7L4117" name="com.lrn.cat.tc.EditSAQTC" tests="1" failures="0" timestamp="27 Jul 2017 00:49:52 GMT" time="165.650" errors="0">
  <testcase name="CatEditSAQ" time="165.650" classname="com.lrn.cat.tc.EditSAQTC"/>
</testsuite> <!-- com.lrn.cat.tc.EditSAQTC -->
