<?xml version="1.0" encoding="UTF-8"?>
<!-- Generated by org.testng.reporters.JUnitReportReporter -->
<testsuite hostname="WW7L4117" name="com.lrn.cat.tc.EditGetStartedTC" tests="1" failures="0" timestamp="17 Jul 2017 17:24:20 GMT" time="20.783" errors="0">
  <testcase name="CatEditGetStarted" time="20.783" classname="com.lrn.cat.tc.EditGetStartedTC"/>
</testsuite> <!-- com.lrn.cat.tc.EditGetStartedTC -->
