<?xml version="1.0" encoding="UTF-8"?>
<!-- Generated by org.testng.reporters.JUnitReportReporter -->
<testsuite hostname="WW7L4117" name="com.lrn.cat.tc.EditDragAndDropTemplateTC" tests="1" failures="0" timestamp="27 Jul 2017 00:49:52 GMT" time="169.168" errors="0">
  <testcase name="CatEditDragAndDropTemplate" time="169.168" classname="com.lrn.cat.tc.EditDragAndDropTemplateTC"/>
</testsuite> <!-- com.lrn.cat.tc.EditDragAndDropTemplateTC -->
