<?xml version="1.0" encoding="UTF-8"?>
<!-- Generated by org.testng.reporters.JUnitReportReporter -->
<testsuite hostname="WW7L4117" name="com.lrn.cat.tc.AddTopicTC" tests="1" failures="0" timestamp="21 Jul 2017 00:25:06 GMT" time="7.077" errors="0">
  <testcase name="CatAddTopic" time="7.077" classname="com.lrn.cat.tc.AddTopicTC"/>
</testsuite> <!-- com.lrn.cat.tc.AddTopicTC -->
