<?xml version="1.0" encoding="UTF-8"?>
<!-- Generated by org.testng.reporters.JUnitReportReporter -->
<testsuite hostname="WW7L4117" name="com.lrn.html5.templates.LandingPageltr" tests="1" failures="0" timestamp="21 Aug 2017 23:41:05 GMT" time="3.025" errors="0">
  <testcase name="NextButton" time="3.025" classname="com.lrn.html5.templates.LandingPageltr"/>
</testsuite> <!-- com.lrn.html5.templates.LandingPageltr -->
