<?xml version="1.0" encoding="UTF-8"?>
<!-- Generated by org.testng.reporters.JUnitReportReporter -->
<testsuite hostname="MUMW7QAVM02" name="com.lrn.html5.templates.LandingPageltr" tests="1" failures="0" timestamp="16 Aug 2017 02:36:51 GMT" time="3.339" errors="0">
  <testcase name="NextButton" time="3.339" classname="com.lrn.html5.templates.LandingPageltr"/>
</testsuite> <!-- com.lrn.html5.templates.LandingPageltr -->
