<?xml version="1.0" encoding="UTF-8"?>
<!-- Generated by org.testng.reporters.JUnitReportReporter -->
<testsuite hostname="WW7L4117" name="com.lrn.cat.tc.PushToCDVTC" tests="1" failures="0" timestamp="21 Aug 2017 23:51:21 GMT" time="44.452" errors="0">
  <testcase name="CatPushToCDV" time="44.452" classname="com.lrn.cat.tc.PushToCDVTC"/>
</testsuite> <!-- com.lrn.cat.tc.PushToCDVTC -->
