<?xml version="1.0" encoding="UTF-8"?>
<!-- Generated by org.testng.reporters.JUnitReportReporter -->
<testsuite hostname="WW7L4117" name="com.lrn.cat.tc.CustomizerRoleTC" tests="1" failures="0" timestamp="21 Jul 2017 00:25:06 GMT" time="123.239" errors="0">
  <testcase name="CatCustomizerRole" time="123.239" classname="com.lrn.cat.tc.CustomizerRoleTC"/>
</testsuite> <!-- com.lrn.cat.tc.CustomizerRoleTC -->
