<?xml version="1.0" encoding="UTF-8"?>
<!-- Generated by org.testng.reporters.JUnitReportReporter -->
<testsuite hostname="WW7L4117" name="com.lrn.cat.tc.EditDragAndDropTemplateTC" tests="1" failures="0" timestamp="20 Jul 2017 21:50:33 GMT" time="225.137" errors="0">
  <testcase name="CatEditDragAndDropTemplate" time="225.137" classname="com.lrn.cat.tc.EditDragAndDropTemplateTC"/>
</testsuite> <!-- com.lrn.cat.tc.EditDragAndDropTemplateTC -->
