<?xml version="1.0" encoding="UTF-8"?>
<!-- Generated by org.testng.reporters.JUnitReportReporter -->
<testsuite hostname="WW7L4117" name="com.lrn.html5.templates.Sidebarrtl" tests="2" failures="0" timestamp="6 Jul 2017 19:46:44 GMT" time="7.662" errors="0">
  <testcase name="Bulletin" time="1.728" classname="com.lrn.html5.templates.Sidebarrtl"/>
  <testcase name="NEXT" time="5.934" classname="com.lrn.html5.templates.Sidebarrtl"/>
</testsuite> <!-- com.lrn.html5.templates.Sidebarrtl -->
