<?xml version="1.0" encoding="UTF-8"?>
<!-- Generated by org.testng.reporters.JUnitReportReporter -->
<testsuite hostname="WW7L4117" name="com.lrn.cat.tc.LandingPageTC" tests="1" failures="0" timestamp="21 Aug 2017 23:51:21 GMT" time="138.730" errors="0">
  <testcase name="CatLandingPage" time="138.730" classname="com.lrn.cat.tc.LandingPageTC"/>
</testsuite> <!-- com.lrn.cat.tc.LandingPageTC -->
