<?xml version="1.0" encoding="UTF-8"?>
<!-- Generated by org.testng.reporters.JUnitReportReporter -->
<testsuite hostname="WW7L4117" name="com.lrn.cat.tc.EditBinaryTemplateTC" tests="1" failures="0" timestamp="20 Jul 2017 18:54:39 GMT" time="109.887" errors="0">
  <testcase name="CatEditBinaryTemplate" time="109.887" classname="com.lrn.cat.tc.EditBinaryTemplateTC"/>
</testsuite> <!-- com.lrn.cat.tc.EditBinaryTemplateTC -->
