<?xml version="1.0" encoding="UTF-8"?>
<!-- Generated by org.testng.reporters.JUnitReportReporter -->
<testsuite hostname="WW7L4117" name="com.lrn.cat.tc.LCECLoginTC" tests="1" failures="0" timestamp="17 Jul 2017 18:57:36 GMT" time="7.129" errors="0">
  <testcase name="login" time="7.129" classname="com.lrn.cat.tc.LCECLoginTC"/>
</testsuite> <!-- com.lrn.cat.tc.LCECLoginTC -->
