<?xml version="1.0" encoding="UTF-8"?>
<!-- Generated by org.testng.reporters.JUnitReportReporter -->
<testsuite hostname="MUMW7L127" name="com.lrn.pp.tc.lrnuser.LRNLibraryTC" tests="11" failures="0" timestamp="31 Jan 2017 12:41:14 GMT" time="90.826" errors="0">
  <testcase name="verifyGridView" time="5.803" classname="com.lrn.pp.tc.lrnuser.LRNLibraryTC"/>
  <testcase name="verifySortbyMostRecentlyUpdated" time="12.982" classname="com.lrn.pp.tc.lrnuser.LRNLibraryTC"/>
  <testcase name="verifyBreadCrumbNavigation" time="5.316" classname="com.lrn.pp.tc.lrnuser.LRNLibraryTC"/>
  <testcase name="verifyActiveFilters" time="0.048" classname="com.lrn.pp.tc.lrnuser.LRNLibraryTC"/>
  <testcase name="verifySortbyMostRecentlyUpdatedByTopic" time="13.267" classname="com.lrn.pp.tc.lrnuser.LRNLibraryTC"/>
  <testcase name="verifyNavigateToKnowledgeBank" time="1.411" classname="com.lrn.pp.tc.lrnuser.LRNLibraryTC"/>
  <testcase name="verifyListView" time="5.722" classname="com.lrn.pp.tc.lrnuser.LRNLibraryTC"/>
  <testcase name="verifyfilterByCourseType" time="13.868" classname="com.lrn.pp.tc.lrnuser.LRNLibraryTC"/>
  <testcase name="verifyfilterByIndustry" time="17.261" classname="com.lrn.pp.tc.lrnuser.LRNLibraryTC"/>
  <testcase name="verifyCourseLaunch" time="10.960" classname="com.lrn.pp.tc.lrnuser.LRNLibraryTC"/>
  <testcase name="verifyClickonextendbutton" time="4.188" classname="com.lrn.pp.tc.lrnuser.LRNLibraryTC"/>
</testsuite> <!-- com.lrn.pp.tc.lrnuser.LRNLibraryTC -->
