<?xml version="1.0" encoding="UTF-8"?>
<!-- Generated by org.testng.reporters.JUnitReportReporter -->
<testsuite hostname="WW7L4117" name="com.lrn.html5.templates.ClickToRevealSelectableImagertl" tests="4" failures="0" timestamp="10 Jul 2017 22:21:12 GMT" time="14.353" errors="0">
  <testcase name="clickSelectableImages" time="5.970" classname="com.lrn.html5.templates.ClickToRevealSelectableImagertl"/>
  <testcase name="Bulletin" time="2.224" classname="com.lrn.html5.templates.ClickToRevealSelectableImagertl"/>
  <testcase name="checkSelectableImage1" time="0.114" classname="com.lrn.html5.templates.ClickToRevealSelectableImagertl"/>
  <testcase name="NEXT" time="6.045" classname="com.lrn.html5.templates.ClickToRevealSelectableImagertl"/>
</testsuite> <!-- com.lrn.html5.templates.ClickToRevealSelectableImagertl -->
