<?xml version="1.0" encoding="UTF-8"?>
<!-- Generated by org.testng.reporters.JUnitReportReporter -->
<testsuite hostname="WW7L4117" name="com.lrn.cat.tc.AddLessonTC2" tests="1" failures="0" timestamp="6 Jul 2017 17:19:31 GMT" time="13.341" errors="0">
  <testcase name="CatAddLesson" time="13.341" classname="com.lrn.cat.tc.AddLessonTC2"/>
</testsuite> <!-- com.lrn.cat.tc.AddLessonTC2 -->
