<?xml version="1.0" encoding="UTF-8"?>
<!-- Generated by org.testng.reporters.JUnitReportReporter -->
<testsuite hostname="WW7L4117" name="com.lrn.cat.tc.ExportToWordTC" tests="1" failures="0" timestamp="10 Jul 2017 22:28:21 GMT" time="28.542" errors="0">
  <testcase name="CatExportToWord" time="28.542" classname="com.lrn.cat.tc.ExportToWordTC"/>
</testsuite> <!-- com.lrn.cat.tc.ExportToWordTC -->
