<?xml version="1.0" encoding="UTF-8"?>
<!-- Generated by org.testng.reporters.JUnitReportReporter -->
<testsuite hostname="WW7L4117" name="com.lrn.cat.tc.CopyNodeTC" tests="1" failures="0" timestamp="6 Jul 2017 19:51:20 GMT" time="31.489" errors="0">
  <testcase name="CatCopyNode" time="31.489" classname="com.lrn.cat.tc.CopyNodeTC"/>
</testsuite> <!-- com.lrn.cat.tc.CopyNodeTC -->
