<?xml version="1.0" encoding="UTF-8"?>
<!-- Generated by org.testng.reporters.JUnitReportReporter -->
<testsuite hostname="WW7L4117" name="com.lrn.cat.tc.EditMultipleScenarioTemplateTC" tests="1" failures="0" timestamp="6 Jul 2017 19:51:20 GMT" time="415.293" errors="0">
  <testcase name="CatEditMultipleScenarioTemplateTC" time="415.293" classname="com.lrn.cat.tc.EditMultipleScenarioTemplateTC"/>
</testsuite> <!-- com.lrn.cat.tc.EditMultipleScenarioTemplateTC -->
