<?xml version="1.0" encoding="UTF-8"?>
<!-- Generated by org.testng.reporters.JUnitReportReporter -->
<testsuite hostname="WW7L4117" name="com.lrn.html5.templates.Sidebarrtl" tests="2" failures="0" timestamp="21 Aug 2017 23:45:48 GMT" time="7.833" errors="0">
  <testcase name="NEXT" time="5.970" classname="com.lrn.html5.templates.Sidebarrtl"/>
  <testcase name="Bulletin" time="1.863" classname="com.lrn.html5.templates.Sidebarrtl"/>
</testsuite> <!-- com.lrn.html5.templates.Sidebarrtl -->
