<?xml version="1.0" encoding="UTF-8"?>
<!-- Generated by org.testng.reporters.JUnitReportReporter -->
<testsuite hostname="WW7L4117" name="com.lrn.cat.tc.EditSAQTC" tests="1" failures="0" timestamp="10 Jul 2017 22:28:21 GMT" time="303.109" errors="0">
  <testcase name="CatEditSAQ" time="303.109" classname="com.lrn.cat.tc.EditSAQTC"/>
</testsuite> <!-- com.lrn.cat.tc.EditSAQTC -->
