<?xml version="1.0" encoding="UTF-8"?>
<!-- Generated by org.testng.reporters.JUnitReportReporter -->
<testsuite hostname="WW7L4117" name="com.lrn.cat.tc.CourseFeaturesTC" tests="1" failures="0" timestamp="21 Aug 2017 23:51:20 GMT" time="360.091" errors="0">
  <testcase name="CatEditCourseFeatures" time="360.091" classname="com.lrn.cat.tc.CourseFeaturesTC"/>
</testsuite> <!-- com.lrn.cat.tc.CourseFeaturesTC -->
