<?xml version="1.0" encoding="UTF-8"?>
<!-- Generated by org.testng.reporters.JUnitReportReporter -->
<testsuite hostname="MUMW7QAVM02" name="com.lrn.html5.templates.Videoltr" tests="3" failures="0" timestamp="16 Aug 2017 02:41:26 GMT" time="12.175" errors="0">
  <testcase name="Bulletin" time="1.925" classname="com.lrn.html5.templates.Videoltr"/>
  <testcase name="NEXT" time="5.965" classname="com.lrn.html5.templates.Videoltr"/>
  <testcase name="videoPage" time="4.285" classname="com.lrn.html5.templates.Videoltr"/>
</testsuite> <!-- com.lrn.html5.templates.Videoltr -->
