<?xml version="1.0" encoding="UTF-8"?>
<!-- Generated by org.testng.reporters.JUnitReportReporter -->
<testsuite hostname="WW7L4117" name="com.lrn.cat.tc.AddPageTC6" tests="1" failures="0" timestamp="3 Aug 2017 00:08:40 GMT" time="14.902" errors="0">
  <testcase name="CatAddPage" time="14.902" classname="com.lrn.cat.tc.AddPageTC6"/>
</testsuite> <!-- com.lrn.cat.tc.AddPageTC6 -->
