<?xml version="1.0" encoding="UTF-8"?>
<!-- Generated by org.testng.reporters.JUnitReportReporter -->
<testsuite hostname="WW7L4117" name="com.lrn.cat.tc.AfterSaveAndExitTC" tests="1" failures="0" timestamp="3 Aug 2017 00:08:40 GMT" time="29.706" errors="0">
  <testcase name="aferSaveAndExit" time="29.706" classname="com.lrn.cat.tc.AfterSaveAndExitTC"/>
</testsuite> <!-- com.lrn.cat.tc.AfterSaveAndExitTC -->
