<?xml version="1.0" encoding="UTF-8"?>
<!-- Generated by org.testng.reporters.JUnitReportReporter -->
<testsuite hostname="WW7L4117" name="com.lrn.html5.templates.Videoltr" tests="3" failures="0" timestamp="31 Jul 2017 17:11:22 GMT" time="12.084" errors="0">
  <testcase name="Bulletin" time="1.775" classname="com.lrn.html5.templates.Videoltr"/>
  <testcase name="NEXT" time="6.023" classname="com.lrn.html5.templates.Videoltr"/>
  <testcase name="videoPage" time="4.286" classname="com.lrn.html5.templates.Videoltr"/>
</testsuite> <!-- com.lrn.html5.templates.Videoltr -->
