<?xml version="1.0" encoding="UTF-8"?>
<!-- Generated by org.testng.reporters.JUnitReportReporter -->
<testsuite hostname="WW7L4117" name="com.lrn.cat.tc.CustomizerRoleTC" tests="1" failures="0" timestamp="24 Jul 2017 18:18:46 GMT" time="166.105" errors="0">
  <testcase name="CatCustomizerRole" time="166.105" classname="com.lrn.cat.tc.CustomizerRoleTC"/>
</testsuite> <!-- com.lrn.cat.tc.CustomizerRoleTC -->
