<?xml version="1.0" encoding="UTF-8"?>
<!-- Generated by org.testng.reporters.JUnitReportReporter -->
<testsuite hostname="WW7L4117" name="com.lrn.cat.tc.EditSAQTC" tests="1" failures="0" timestamp="24 Jul 2017 18:18:46 GMT" time="200.283" errors="0">
  <testcase name="CatEditSAQ" time="200.283" classname="com.lrn.cat.tc.EditSAQTC"/>
</testsuite> <!-- com.lrn.cat.tc.EditSAQTC -->
