<?xml version="1.0" encoding="UTF-8"?>
<!-- Generated by org.testng.reporters.JUnitReportReporter -->
<testsuite hostname="WW7L4117" name="com.lrn.html5.templates.ClickToRevealSelectableImagertl" tests="4" failures="0" timestamp="6 Jul 2017 19:44:31 GMT" time="14.300" errors="0">
  <testcase name="Bulletin" time="2.257" classname="com.lrn.html5.templates.ClickToRevealSelectableImagertl"/>
  <testcase name="NEXT" time="6.021" classname="com.lrn.html5.templates.ClickToRevealSelectableImagertl"/>
  <testcase name="checkSelectableImage1" time="0.122" classname="com.lrn.html5.templates.ClickToRevealSelectableImagertl"/>
  <testcase name="clickSelectableImages" time="5.900" classname="com.lrn.html5.templates.ClickToRevealSelectableImagertl"/>
</testsuite> <!-- com.lrn.html5.templates.ClickToRevealSelectableImagertl -->
