<?xml version="1.0" encoding="UTF-8"?>
<!-- Generated by org.testng.reporters.JUnitReportReporter -->
<testsuite hostname="WW7L4117" name="com.lrn.html5.templates.Videoltr" tests="3" failures="0" timestamp="2 Aug 2017 23:56:48 GMT" time="12.083" errors="0">
  <testcase name="Bulletin" time="1.849" classname="com.lrn.html5.templates.Videoltr"/>
  <testcase name="videoPage" time="4.174" classname="com.lrn.html5.templates.Videoltr"/>
  <testcase name="NEXT" time="6.060" classname="com.lrn.html5.templates.Videoltr"/>
</testsuite> <!-- com.lrn.html5.templates.Videoltr -->
