<?xml version="1.0" encoding="UTF-8"?>
<!-- Generated by org.testng.reporters.JUnitReportReporter -->
<testsuite hostname="WW7L4117" name="com.lrn.cat.tc.AdvancedTabTC" tests="1" failures="0" timestamp="12 Jul 2017 22:27:41 GMT" time="37.251" errors="0">
  <testcase name="CatAdvancedTab" time="37.251" classname="com.lrn.cat.tc.AdvancedTabTC"/>
</testsuite> <!-- com.lrn.cat.tc.AdvancedTabTC -->
