<?xml version="1.0" encoding="UTF-8"?>
<!-- Generated by org.testng.reporters.JUnitReportReporter -->
<testsuite hostname="WW7L4117" name="com.lrn.cat.tc.LockPageTC" tests="1" failures="0" timestamp="27 Jul 2017 00:49:52 GMT" time="34.390" errors="0">
  <testcase name="CatLockPage" time="34.390" classname="com.lrn.cat.tc.LockPageTC"/>
</testsuite> <!-- com.lrn.cat.tc.LockPageTC -->
