<?xml version="1.0" encoding="UTF-8"?>
<!-- Generated by org.testng.reporters.JUnitReportReporter -->
<testsuite hostname="WW7L4117" name="com.lrn.cat.tc.AddPageTC9" tests="1" failures="0" timestamp="10 Jul 2017 22:28:21 GMT" time="14.994" errors="0">
  <testcase name="CatAddPage" time="14.994" classname="com.lrn.cat.tc.AddPageTC9"/>
</testsuite> <!-- com.lrn.cat.tc.AddPageTC9 -->
